# JRE version: OpenJDK Runtime Environment (17.0.11) (build 17.0.11+0--11852314)
# Java VM: OpenJDK 64-Bit Server VM (17.0.11+0--11852314, mixed mode, tiered, compressed oops, compressed class ptrs, g1 gc, windows-amd64)
GC Precious Log:
 CPUs: 24 total, 24 available
 Memory: 32456M
 Large Page Support: Disabled
 NUMA Support: Disabled
 Compressed Oops: Enabled (32-bit)
 Heap Region Size: 1M
 Heap Min Capacity: 8M
 Heap Initial Capacity: 508M
 Heap Max Capacity: 2G
 Pre-touch: Disabled
 Parallel Workers: 18
 Concurrent Workers: 5
 Concurrent Refinement Workers: 18
 Periodic GC: Disabled
Heap:
 garbage-first heap   total 304128K, used 158885K [0x0000000080000000, 0x0000000100000000)
  region size 1024K, 6 young (6144K), 3 survivors (3072K)
 Metaspace       used 141349K, committed 142656K, reserved 1179648K
  class space    used 20120K, committed 20672K, reserved 1048576K
GC Heap History (20 events):
Event: 464.885 GC heap before
{Heap before GC invocations=39 (full 0):
 garbage-first heap   total 273408K, used 224420K [0x0000000080000000, 0x0000000100000000)
  region size 1024K, 92 young (94208K), 7 survivors (7168K)
 Metaspace       used 128087K, committed 129088K, reserved 1179648K
  class space    used 18334K, committed 18816K, reserved 1048576K
}
Event: 464.888 GC heap after
{Heap after GC invocations=40 (full 0):
 garbage-first heap   total 273408K, used 141886K [0x0000000080000000, 0x0000000100000000)
  region size 1024K, 11 young (11264K), 11 survivors (11264K)
 Metaspace       used 128087K, committed 129088K, reserved 1179648K
  class space    used 18334K, committed 18816K, reserved 1048576K
}
Event: 464.895 GC heap before
{Heap before GC invocations=40 (full 0):
 garbage-first heap   total 273408K, used 142910K [0x0000000080000000, 0x0000000100000000)
  region size 1024K, 13 young (13312K), 11 survivors (11264K)
 Metaspace       used 128353K, committed 129344K, reserved 1179648K
  class space    used 18382K, committed 18880K, reserved 1048576K
}
Event: 464.898 GC heap after
{Heap after GC invocations=41 (full 0):
 garbage-first heap   total 273408K, used 134567K [0x0000000080000000, 0x0000000100000000)
  region size 1024K, 2 young (2048K), 2 survivors (2048K)
 Metaspace       used 128353K, committed 129344K, reserved 1179648K
  class space    used 18382K, committed 18880K, reserved 1048576K
}
Event: 465.015 GC heap before
{Heap before GC invocations=41 (full 0):
 garbage-first heap   total 273408K, used 224679K [0x0000000080000000, 0x0000000100000000)
  region size 1024K, 91 young (93184K), 2 survivors (2048K)
 Metaspace       used 134307K, committed 135360K, reserved 1179648K
  class space    used 19454K, committed 19968K, reserved 1048576K
}
Event: 465.018 GC heap after
{Heap after GC invocations=42 (full 0):
 garbage-first heap   total 328704K, used 138204K [0x0000000080000000, 0x0000000100000000)
  region size 1024K, 6 young (6144K), 6 survivors (6144K)
 Metaspace       used 134307K, committed 135360K, reserved 1179648K
  class space    used 19454K, committed 19968K, reserved 1048576K
}
Event: 3270.739 GC heap before
{Heap before GC invocations=43 (full 0):
 garbage-first heap   total 328704K, used 289756K [0x0000000080000000, 0x0000000100000000)
  region size 1024K, 132 young (135168K), 6 survivors (6144K)
 Metaspace       used 137274K, committed 138304K, reserved 1179648K
  class space    used 19847K, committed 20352K, reserved 1048576K
}
Event: 3270.743 GC heap after
{Heap after GC invocations=44 (full 0):
 garbage-first heap   total 328704K, used 135552K [0x0000000080000000, 0x0000000100000000)
  region size 1024K, 3 young (3072K), 3 survivors (3072K)
 Metaspace       used 137274K, committed 138304K, reserved 1179648K
  class space    used 19847K, committed 20352K, reserved 1048576K
}
Event: 3917.617 GC heap before
{Heap before GC invocations=44 (full 0):
 garbage-first heap   total 328704K, used 148864K [0x0000000080000000, 0x0000000100000000)
  region size 1024K, 16 young (16384K), 3 survivors (3072K)
 Metaspace       used 137284K, committed 138304K, reserved 1179648K
  class space    used 19847K, committed 20352K, reserved 1048576K
}
Event: 3917.624 GC heap after
{Heap after GC invocations=45 (full 0):
 garbage-first heap   total 328704K, used 133202K [0x0000000080000000, 0x0000000100000000)
  region size 1024K, 1 young (1024K), 1 survivors (1024K)
 Metaspace       used 137284K, committed 138304K, reserved 1179648K
  class space    used 19847K, committed 20352K, reserved 1048576K
}
Event: 4065.080 GC heap before
{Heap before GC invocations=45 (full 0):
 garbage-first heap   total 328704K, used 136274K [0x0000000080000000, 0x0000000100000000)
  region size 1024K, 5 young (5120K), 1 survivors (1024K)
 Metaspace       used 137290K, committed 138304K, reserved 1179648K
  class space    used 19848K, committed 20352K, reserved 1048576K
}
Event: 4065.135 GC heap after
{Heap after GC invocations=46 (full 1):
 garbage-first heap   total 304128K, used 85664K [0x0000000080000000, 0x0000000100000000)
  region size 1024K, 0 young (0K), 0 survivors (0K)
 Metaspace       used 136236K, committed 138304K, reserved 1179648K
  class space    used 19629K, committed 20352K, reserved 1048576K
}
Event: 6927.797 GC heap before
{Heap before GC invocations=46 (full 1):
 garbage-first heap   total 304128K, used 245408K [0x0000000080000000, 0x0000000100000000)
  region size 1024K, 156 young (159744K), 0 survivors (0K)
 Metaspace       used 137149K, committed 138432K, reserved 1179648K
  class space    used 19743K, committed 20352K, reserved 1048576K
}
Event: 6927.801 GC heap after
{Heap after GC invocations=47 (full 1):
 garbage-first heap   total 304128K, used 96678K [0x0000000080000000, 0x0000000100000000)
  region size 1024K, 11 young (11264K), 11 survivors (11264K)
 Metaspace       used 137149K, committed 138432K, reserved 1179648K
  class space    used 19743K, committed 20352K, reserved 1048576K
}
Event: 6929.466 GC heap before
{Heap before GC invocations=48 (full 1):
 garbage-first heap   total 304128K, used 243110K [0x0000000080000000, 0x0000000100000000)
  region size 1024K, 155 young (158720K), 11 survivors (11264K)
 Metaspace       used 141094K, committed 142080K, reserved 1179648K
  class space    used 20174K, committed 20672K, reserved 1048576K
}
Event: 6929.471 GC heap after
{Heap after GC invocations=49 (full 1):
 garbage-first heap   total 304128K, used 107919K [0x0000000080000000, 0x0000000100000000)
  region size 1024K, 12 young (12288K), 12 survivors (12288K)
 Metaspace       used 141094K, committed 142080K, reserved 1179648K
  class space    used 20174K, committed 20672K, reserved 1048576K
}
Event: 6929.472 GC heap before
{Heap before GC invocations=49 (full 1):
 garbage-first heap   total 304128K, used 109967K [0x0000000080000000, 0x0000000100000000)
  region size 1024K, 14 young (14336K), 12 survivors (12288K)
 Metaspace       used 141098K, committed 142080K, reserved 1179648K
  class space    used 20174K, committed 20672K, reserved 1048576K
}
Event: 6929.474 GC heap after
{Heap after GC invocations=50 (full 1):
 garbage-first heap   total 304128K, used 109769K [0x0000000080000000, 0x0000000100000000)
  region size 1024K, 2 young (2048K), 2 survivors (2048K)
 Metaspace       used 141098K, committed 142080K, reserved 1179648K
  class space    used 20174K, committed 20672K, reserved 1048576K
}
Event: 6929.664 GC heap before
{Heap before GC invocations=50 (full 1):
 garbage-first heap   total 304128K, used 216265K [0x0000000080000000, 0x0000000100000000)
  region size 1024K, 108 young (110592K), 2 survivors (2048K)
 Metaspace       used 141678K, committed 142656K, reserved 1179648K
  class space    used 20185K, committed 20672K, reserved 1048576K
}
Event: 6929.666 GC heap after
{Heap after GC invocations=51 (full 1):
 garbage-first heap   total 304128K, used 110757K [0x0000000080000000, 0x0000000100000000)
  region size 1024K, 3 young (3072K), 3 survivors (3072K)
 Metaspace       used 141678K, committed 142656K, reserved 1179648K
  class space    used 20185K, committed 20672K, reserved 1048576K
}

